<?xml version="1.0" encoding="utf-8"?><testsuites name="pytest tests"><testsuite name="pytest" errors="0" failures="0" skipped="0" tests="8" time="17.474" timestamp="2026-03-31T18:45:59.326554+00:00" hostname="agent-env-d7bb82ee-3391-464e-8f05-32ba56246919"><testcase classname="backend.test_iteration3_features.TestIteration3Features" name="test_get_stories_endpoint" time="0.281" /><testcase classname="backend.test_iteration3_features.TestIteration3Features" name="test_generate_pdf_with_shan" time="2.856" /><testcase classname="backend.test_iteration3_features.TestIteration3Features" name="test_all_10_pages_present" time="2.748" /><testcase classname="backend.test_iteration3_features.TestIteration3Features" name="test_invalid_inputs_errors" time="0.713" /><testcase classname="backend.test_iteration3_features.TestIteration3Features" name="test_output_files_created" time="2.725" /><testcase classname="backend.test_iteration3_features.TestIteration3Features" name="test_different_image_types" time="4.868" /><testcase classname="backend.test_iteration3_features.TestIteration3Features" name="test_story_configuration_via_pdf" time="2.894" /><testcase classname="backend.test_iteration3_features.TestIteration3Features" name="test_template_verification" time="0.143" /></testsuite></testsuites>