<?xml version="1.0" encoding="utf-8"?><testsuites name="pytest tests"><testsuite name="pytest" errors="0" failures="0" skipped="0" tests="18" time="42.963" timestamp="2026-04-05T12:26:15.285534+00:00" hostname="agent-env-d7bb82ee-3391-464e-8f05-32ba56246919"><testcase classname="backend.tests.test_v2_api.TestStoriesEndpoint" name="test_list_stories_returns_200" time="0.176" /><testcase classname="backend.tests.test_v2_api.TestStoriesEndpoint" name="test_list_stories_returns_stories_array" time="0.099" /><testcase classname="backend.tests.test_v2_api.TestStoriesEndpoint" name="test_forest_of_smiles_story_exists" time="0.107" /><testcase classname="backend.tests.test_v2_api.TestPreviewEndpoint" name="test_preview_missing_name_returns_422" time="0.161" /><testcase classname="backend.tests.test_v2_api.TestPreviewEndpoint" name="test_preview_missing_image_returns_422" time="0.116" /><testcase classname="backend.tests.test_v2_api.TestPreviewEndpoint" name="test_preview_empty_name_returns_400" time="0.167" /><testcase classname="backend.tests.test_v2_api.TestPreviewEndpoint" name="test_preview_invalid_file_type_returns_400" time="0.115" /><testcase classname="backend.tests.test_v2_api.TestPreviewEndpoint" name="test_preview_success_returns_session_and_image" time="0.803" /><testcase classname="backend.tests.test_v2_api.TestFullGenerationWorkflow" name="test_status_after_preview" time="0.837" /><testcase classname="backend.tests.test_v2_api.TestFullGenerationWorkflow" name="test_proceed_starts_generation" time="0.099" /><testcase classname="backend.tests.test_v2_api.TestFullGenerationWorkflow" name="test_status_shows_progress" time="5.762" /><testcase classname="backend.tests.test_v2_api.TestFullGenerationWorkflow" name="test_wait_for_completion" time="12.455" /><testcase classname="backend.tests.test_v2_api.TestFullGenerationWorkflow" name="test_download_pdf" time="0.591" /><testcase classname="backend.tests.test_v2_api.TestStatusEndpoint" name="test_status_invalid_session_returns_404" time="0.116" /><testcase classname="backend.tests.test_v2_api.TestDownloadEndpoint" name="test_download_invalid_session_returns_404" time="0.098" /><testcase classname="backend.tests.test_v2_api.TestProceedEndpoint" name="test_proceed_invalid_session_returns_404" time="0.106" /><testcase classname="backend.tests.test_v2_api.TestImageCaching" name="test_second_preview_is_fast" time="1.413" /><testcase classname="backend.tests.test_v2_api.TestPDFRedownload" name="test_redownload_without_regeneration" time="19.524" /></testsuite></testsuites>