<?xml version="1.0" encoding="utf-8"?><testsuites name="pytest tests"><testsuite name="pytest" errors="0" failures="0" skipped="0" tests="15" time="20.068" timestamp="2026-03-31T09:41:24.152579+00:00" hostname="agent-env-d7bb82ee-3391-464e-8f05-32ba56246919"><testcase classname="tests.backend.test_api_storybook_generation.TestStorybookGeneration" name="test_api_connectivity" time="0.123" /><testcase classname="tests.backend.test_api_storybook_generation.TestStorybookGeneration" name="test_missing_name_validation" time="0.104" /><testcase classname="tests.backend.test_api_storybook_generation.TestStorybookGeneration" name="test_missing_image_validation" time="0.098" /><testcase classname="tests.backend.test_api_storybook_generation.TestStorybookGeneration" name="test_invalid_file_type" time="0.100" /><testcase classname="tests.backend.test_api_storybook_generation.TestStorybookGeneration" name="test_successful_pdf_generation" time="2.091" /><testcase classname="tests.backend.test_api_storybook_generation.TestStorybookGeneration" name="test_pdf_page_count" time="2.084" /><testcase classname="tests.backend.test_api_storybook_generation.TestStorybookGeneration" name="test_pdf_name_personalization" time="2.073" /><testcase classname="tests.backend.test_api_storybook_generation.TestStorybookGeneration" name="test_multiple_names_batch" time="6.378" /><testcase classname="tests.backend.test_api_storybook_generation.TestStorybookGeneration" name="test_download_headers" time="2.161" /><testcase classname="tests.backend.test_face_detection_and_stories.TestFaceDetection" name="test_pdf_generation_with_face_image" time="2.143" /><testcase classname="tests.backend.test_face_detection_and_stories.TestFaceDetection" name="test_pdf_generation_with_no_face_image" time="2.089" /><testcase classname="tests.backend.test_face_detection_and_stories.TestStoriesAPI" name="test_list_stories" time="0.117" /><testcase classname="tests.backend.test_face_detection_and_stories.TestStoriesAPI" name="test_get_story_by_index" time="0.100" /><testcase classname="tests.backend.test_face_detection_and_stories.TestStoriesAPI" name="test_get_story_invalid_index" time="0.100" /><testcase classname="tests.backend.test_face_detection_and_stories.TestStoriesAPI" name="test_verify_story_templates" time="0.095" /></testsuite></testsuites>